<?xml version="1.0" encoding="UTF-8"?>
<!-- Generated by org.testng.reporters.JUnitReportReporter -->
<testsuite ignored="0" hostname="DESKTOP-0LROLUP" failures="0" tests="1" name="test2.VerifyPageTest" time="2.162" errors="0" timestamp="06 Oct 2022 15:57:30 GMT" skipped="0">
  <testcase classname="test2.VerifyPageTest" name="VerifyPageTest" time="2.162"/>
</testsuite> <!-- test2.VerifyPageTest -->
