<?xml version="1.0" encoding="UTF-8"?>
<!-- Generated by org.testng.reporters.JUnitReportReporter -->
<testsuite ignored="3" hostname="DESKTOP-0LROLUP" failures="0" tests="1" name="test2.VerifyPhoneNumberTest" time="10.622" errors="0" timestamp="17 Oct 2022 16:05:47 GMT" skipped="0">
  <testcase classname="test2.VerifyPhoneNumberTest" name="VerifyNumber" time="10.622"/>
  <testcase classname="test.BaseTest" name="setUp">
    <skipped/>
  </testcase> <!-- setUp -->
  <testcase classname="test.BaseTest" name="setUp">
    <skipped/>
  </testcase> <!-- setUp -->
  <testcase classname="test2.BaseTest" name="setUp">
    <skipped/>
  </testcase> <!-- setUp -->
</testsuite> <!-- test2.VerifyPhoneNumberTest -->
